<?xml version="1.0" encoding="UTF-8"?>
<testsuite xmlns:xsi="http://www.w3.org/2001/XMLSchema-instance" xsi:noNamespaceSchemaLocation="https://maven.apache.org/surefire/maven-surefire-plugin/xsd/surefire-test-report-3.0.xsd" version="3.0" name="Login Function #2" time="243.972" tests="15" errors="1" skipped="0" failures="3">
  <properties>
[...]
</properties>
  <testcase name="Login as users #1" classname="Login Function #2" time="13.15">
    <system-out><![CDATA[Jul 02, 2022 8:11:45 PM net.masterthought.cucumber.ReportParser parseJsonFiles
INFO: File '/var/folders/tm/nc32jg0d4nl2rd5_wsvd9r7h0000gn/T/cucumber12660091291142374123.json' contains 2 features

SLF4J: Failed to load class "org.slf4j.impl.StaticLoggerBinder".
SLF4J: Defaulting to no-operation (NOP) logger implementation
SLF4J: See http://www.slf4j.org/codes.html#StaticLoggerBinder for further details.
]]></system-out>
    <system-err><![CDATA[Jul 02, 2022 8:07:46 PM org.openqa.selenium.remote.ProtocolHandshake createSession
INFO: Detected dialect: W3C
]]></system-err>
  </testcase>
  <testcase name="Login as users #2" classname="Login Function #2" time="16.686">
    <system-err><![CDATA[Jul 02, 2022 8:08:02 PM org.openqa.selenium.remote.ProtocolHandshake createSession
INFO: Detected dialect: W3C
]]></system-err>
  </testcase>
  <testcase name="Login as users #3" classname="Login Function #2" time="20.865">
    <system-err><![CDATA[Jul 02, 2022 8:08:22 PM org.openqa.selenium.remote.ProtocolHandshake createSession
INFO: Detected dialect: W3C
]]></system-err>
  </testcase>
  <testcase name="Login with invalid credentials #1" classname="Login Function #2" time="23.024">
    <system-err><![CDATA[Jul 02, 2022 8:08:45 PM org.openqa.selenium.remote.ProtocolHandshake createSession
INFO: Detected dialect: W3C
]]></system-err>
  </testcase>
  <testcase name="Login with invalid credentials #2" classname="Login Function #2" time="20.827">
    <system-err><![CDATA[Jul 02, 2022 8:09:08 PM org.openqa.selenium.remote.ProtocolHandshake createSession
INFO: Detected dialect: W3C
]]></system-err>
  </testcase>
  <testcase name="Login without credentials" classname="Login Function #2" time="19.968">
    <system-err><![CDATA[Jul 02, 2022 8:09:29 PM org.openqa.selenium.remote.ProtocolHandshake createSession
INFO: Detected dialect: W3C
]]></system-err>
  </testcase>
  <testcase name="User land on Forgot Password Page" classname="Login Function #2" time="19.461">
    <system-err><![CDATA[Jul 02, 2022 8:09:52 PM org.openqa.selenium.remote.ProtocolHandshake createSession
INFO: Detected dialect: W3C
]]></system-err>
  </testcase>
  <testcase name="User see the Remember Me" classname="Login Function #2" time="10.242">
    <error message="no such element: Unable to locate element: {&quot;method&quot;:&quot;xpath&quot;,&quot;selector&quot;:&quot;//*[.=&apos;Remember Me&apos;]&quot;}&#10;  (Session info: chrome=103.0.5060.53)&#10;For documentation on this error, please visit: https://www.seleniumhq.org/exceptions/no_such_element.html&#10;Build info: version: &apos;3.141.59&apos;, revision: &apos;e82be7d358&apos;, time: &apos;2018-11-14T08:17:03&apos;&#10;System info: host: &apos;Yasin-MacBook-Air.local&apos;, ip: &apos;fe80:0:0:0:1c21:9d2f:2d14:49c5%en0&apos;, os.name: &apos;Mac OS X&apos;, os.arch: &apos;aarch64&apos;, os.version: &apos;12.4&apos;, java.version: &apos;11.0.15.1&apos;&#10;Driver info: org.openqa.selenium.remote.RemoteWebDriver&#10;Capabilities {acceptInsecureCerts: false, browserName: chrome, browserVersion: 103.0.5060.53, chrome: {chromedriverVersion: 103.0.5060.24 (e47b049c438c..., userDataDir: C:\Users\ADMINI~1\AppData\L...}, goog:chromeOptions: {debuggerAddress: localhost:55528}, javascriptEnabled: true, networkConnectionEnabled: false, pageLoadStrategy: normal, platform: WINDOWS, platformName: WINDOWS, proxy: Proxy(), setWindowRect: true, strictFileInteractability: false, timeouts: {implicit: 0, pageLoad: 300000, script: 30000}, unhandledPromptBehavior: dismiss and notify, webauthn:extension:credBlob: true, webauthn:extension:largeBlob: true, webauthn:virtualAuthenticators: true}&#10;Session ID: 3548678b6f6440898024021e66e6a99a&#10;*** Element info: {Using=xpath, value=//*[.=&apos;Remember Me&apos;]}" type="org.openqa.selenium.NoSuchElementException"><![CDATA[org.openqa.selenium.NoSuchElementException: 
no such element: Unable to locate element: {"method":"xpath","selector":"//*[.='Remember Me']"}
  (Session info: chrome=103.0.5060.53)
For documentation on this error, please visit: https://www.seleniumhq.org/exceptions/no_such_element.html
Build info: version: '3.141.59', revision: 'e82be7d358', time: '2018-11-14T08:17:03'
System info: host: 'Yasin-MacBook-Air.local', ip: 'fe80:0:0:0:1c21:9d2f:2d14:49c5%en0', os.name: 'Mac OS X', os.arch: 'aarch64', os.version: '12.4', java.version: '11.0.15.1'
Driver info: org.openqa.selenium.remote.RemoteWebDriver
Capabilities {acceptInsecureCerts: false, browserName: chrome, browserVersion: 103.0.5060.53, chrome: {chromedriverVersion: 103.0.5060.24 (e47b049c438c..., userDataDir: C:\Users\ADMINI~1\AppData\L...}, goog:chromeOptions: {debuggerAddress: localhost:55528}, javascriptEnabled: true, networkConnectionEnabled: false, pageLoadStrategy: normal, platform: WINDOWS, platformName: WINDOWS, proxy: Proxy(), setWindowRect: true, strictFileInteractability: false, timeouts: {implicit: 0, pageLoad: 300000, script: 30000}, unhandledPromptBehavior: dismiss and notify, webauthn:extension:credBlob: true, webauthn:extension:largeBlob: true, webauthn:virtualAuthenticators: true}
Session ID: 3548678b6f6440898024021e66e6a99a
*** Element info: {Using=xpath, value=//*[.='Remember Me']}
]]></error>
    <system-err><![CDATA[Jul 02, 2022 8:10:03 PM org.openqa.selenium.remote.ProtocolHandshake createSession
INFO: Detected dialect: W3C
]]></system-err>
  </testcase>
  <testcase name="User sees in password box" classname="Login Function #2" time="11.022">
    <system-err><![CDATA[Jul 02, 2022 8:10:14 PM org.openqa.selenium.remote.ProtocolHandshake createSession
INFO: Detected dialect: W3C
]]></system-err>
  </testcase>
  <testcase name="User login with enter key #1" classname="Login Function #2" time="15.415">
    <system-out><![CDATA[homePage.headerText.getText() = Quick Launchpad
]]></system-out>
    <system-err><![CDATA[Jul 02, 2022 8:10:25 PM org.openqa.selenium.remote.ProtocolHandshake createSession
INFO: Detected dialect: W3C
]]></system-err>
  </testcase>
  <testcase name="User login with enter key #2" classname="Login Function #2" time="11.53">
    <system-out><![CDATA[homePage.headerText.getText() = Dashboard
]]></system-out>
    <system-err><![CDATA[Jul 02, 2022 8:10:36 PM org.openqa.selenium.remote.ProtocolHandshake createSession
INFO: Detected dialect: W3C
]]></system-err>
  </testcase>
  <testcase name="User login with enter key #3" classname="Login Function #2" time="12.354">
    <system-out><![CDATA[homePage.headerText.getText() = Dashboard
]]></system-out>
    <system-err><![CDATA[Jul 02, 2022 8:10:47 PM org.openqa.selenium.remote.ProtocolHandshake createSession
INFO: Detected dialect: W3C
]]></system-err>
  </testcase>
  <testcase name="User can see own name in profile menu #1" classname="Login Function #2" time="12.168">
    <failure message="expected:&lt;[user5]&gt; but was:&lt;[John Doe]&gt;" type="org.junit.ComparisonFailure"><![CDATA[org.junit.ComparisonFailure: expected:<[user5]> but was:<[John Doe]>
]]></failure>
    <system-out><![CDATA[actual = John Doe , expected = user5
]]></system-out>
    <system-err><![CDATA[Jul 02, 2022 8:11:00 PM org.openqa.selenium.remote.ProtocolHandshake createSession
INFO: Detected dialect: W3C
]]></system-err>
  </testcase>
  <testcase name="User can see own name in profile menu #2" classname="Login Function #2" time="13.481">
    <failure message="expected:&lt;[salesmanager140]&gt; but was:&lt;[John Doe]&gt;" type="org.junit.ComparisonFailure"><![CDATA[org.junit.ComparisonFailure: expected:<[salesmanager140]> but was:<[John Doe]>
]]></failure>
    <system-out><![CDATA[actual = John Doe , expected = salesmanager140
]]></system-out>
    <system-err><![CDATA[Jul 02, 2022 8:11:12 PM org.openqa.selenium.remote.ProtocolHandshake createSession
INFO: Detected dialect: W3C
]]></system-err>
  </testcase>
  <testcase name="User can see own name in profile menu #3" classname="Login Function #2" time="23.776">
    <failure message="expected:&lt;[storemanager90]&gt; but was:&lt;[John Doe]&gt;" type="org.junit.ComparisonFailure"><![CDATA[org.junit.ComparisonFailure: expected:<[storemanager90]> but was:<[John Doe]>
]]></failure>
    <system-out><![CDATA[actual = John Doe , expected = storemanager90
]]></system-out>
    <system-err><![CDATA[Jul 02, 2022 8:11:26 PM org.openqa.selenium.remote.ProtocolHandshake createSession
INFO: Detected dialect: W3C
]]></system-err>
  </testcase>
</testsuite>